<?xml version="1.0" encoding="UTF-8"?>
<testsuite xmlns:xsi="http://www.w3.org/2001/XMLSchema-instance" xsi:noNamespaceSchemaLocation="https://maven.apache.org/surefire/maven-surefire-plugin/xsd/surefire-test-report-3.0.xsd" version="3.0" name="com.chiro.dao.DatabaseTest" time="0.566" tests="7" errors="0" skipped="0" failures="0">
  <properties>
    <property name="java.specification.version" value="17"/>
    <property name="sun.cpu.isalist" value="amd64"/>
    <property name="sun.jnu.encoding" value="Cp1252"/>
    <property name="java.class.path" value="C:\Users\Laser\db\chiro-desktop-app\backend\target\test-classes;C:\Users\Laser\db\chiro-desktop-app\backend\target\classes;C:\Users\Laser\.m2\repository\org\xerial\sqlite-jdbc\3.45.1.0\sqlite-jdbc-3.45.1.0.jar;C:\Users\Laser\.m2\repository\org\slf4j\slf4j-api\1.7.36\slf4j-api-1.7.36.jar;C:\Users\Laser\.m2\repository\org\junit\jupiter\junit-jupiter\5.8.2\junit-jupiter-5.8.2.jar;C:\Users\Laser\.m2\repository\org\junit\jupiter\junit-jupiter-api\5.8.2\junit-jupiter-api-5.8.2.jar;C:\Users\Laser\.m2\repository\org\opentest4j\opentest4j\1.2.0\opentest4j-1.2.0.jar;C:\Users\Laser\.m2\repository\org\junit\platform\junit-platform-commons\1.8.2\junit-platform-commons-1.8.2.jar;C:\Users\Laser\.m2\repository\org\apiguardian\apiguardian-api\1.1.2\apiguardian-api-1.1.2.jar;C:\Users\Laser\.m2\repository\org\junit\jupiter\junit-jupiter-params\5.8.2\junit-jupiter-params-5.8.2.jar;C:\Users\Laser\.m2\repository\org\junit\jupiter\junit-jupiter-engine\5.8.2\junit-jupiter-engine-5.8.2.jar;C:\Users\Laser\.m2\repository\org\junit\platform\junit-platform-engine\1.8.2\junit-platform-engine-1.8.2.jar;"/>
    <property name="java.vm.vendor" value="Oracle Corporation"/>
    <property name="sun.arch.data.model" value="64"/>
    <property name="user.variant" value=""/>
    <property name="java.vendor.url" value="https://java.oracle.com/"/>
    <property name="user.timezone" value="America/Los_Angeles"/>
    <property name="os.name" value="Windows 10"/>
    <property name="java.vm.specification.version" value="17"/>
    <property name="sun.java.launcher" value="SUN_STANDARD"/>
    <property name="user.country" value="US"/>
    <property name="sun.boot.library.path" value="C:\Program Files\Java\jdk-17.0.5\bin"/>
    <property name="sun.java.command" value="C:\Users\Laser\AppData\Local\Temp\surefire3547709712868101966\surefirebooter-20250425225654201_3.jar C:\Users\Laser\AppData\Local\Temp\surefire3547709712868101966 2025-04-25T22-56-54_065-jvmRun1 surefire-20250425225654201_1tmp surefire_0-20250425225654201_2tmp"/>
    <property name="jdk.debug" value="release"/>
    <property name="surefire.test.class.path" value="C:\Users\Laser\db\chiro-desktop-app\backend\target\test-classes;C:\Users\Laser\db\chiro-desktop-app\backend\target\classes;C:\Users\Laser\.m2\repository\org\xerial\sqlite-jdbc\3.45.1.0\sqlite-jdbc-3.45.1.0.jar;C:\Users\Laser\.m2\repository\org\slf4j\slf4j-api\1.7.36\slf4j-api-1.7.36.jar;C:\Users\Laser\.m2\repository\org\junit\jupiter\junit-jupiter\5.8.2\junit-jupiter-5.8.2.jar;C:\Users\Laser\.m2\repository\org\junit\jupiter\junit-jupiter-api\5.8.2\junit-jupiter-api-5.8.2.jar;C:\Users\Laser\.m2\repository\org\opentest4j\opentest4j\1.2.0\opentest4j-1.2.0.jar;C:\Users\Laser\.m2\repository\org\junit\platform\junit-platform-commons\1.8.2\junit-platform-commons-1.8.2.jar;C:\Users\Laser\.m2\repository\org\apiguardian\apiguardian-api\1.1.2\apiguardian-api-1.1.2.jar;C:\Users\Laser\.m2\repository\org\junit\jupiter\junit-jupiter-params\5.8.2\junit-jupiter-params-5.8.2.jar;C:\Users\Laser\.m2\repository\org\junit\jupiter\junit-jupiter-engine\5.8.2\junit-jupiter-engine-5.8.2.jar;C:\Users\Laser\.m2\repository\org\junit\platform\junit-platform-engine\1.8.2\junit-platform-engine-1.8.2.jar;"/>
    <property name="sun.cpu.endian" value="little"/>
    <property name="user.home" value="C:\Users\Laser"/>
    <property name="user.language" value="en"/>
    <property name="java.specification.vendor" value="Oracle Corporation"/>
    <property name="java.version.date" value="2022-10-18"/>
    <property name="java.home" value="C:\Program Files\Java\jdk-17.0.5"/>
    <property name="file.separator" value="\"/>
    <property name="basedir" value="C:\Users\Laser\db\chiro-desktop-app\backend"/>
    <property name="java.vm.compressedOopsMode" value="Zero based"/>
    <property name="line.separator" value="&#10;"/>
    <property name="java.vm.specification.vendor" value="Oracle Corporation"/>
    <property name="java.specification.name" value="Java Platform API Specification"/>
    <property name="surefire.real.class.path" value="C:\Users\Laser\AppData\Local\Temp\surefire3547709712868101966\surefirebooter-20250425225654201_3.jar"/>
    <property name="user.script" value=""/>
    <property name="sun.management.compiler" value="HotSpot 64-Bit Tiered Compilers"/>
    <property name="java.runtime.version" value="17.0.5+9-LTS-191"/>
    <property name="user.name" value="Laser"/>
    <property name="path.separator" value=";"/>
    <property name="os.version" value="10.0"/>
    <property name="java.runtime.name" value="Java(TM) SE Runtime Environment"/>
    <property name="file.encoding" value="Cp1252"/>
    <property name="java.vm.name" value="Java HotSpot(TM) 64-Bit Server VM"/>
    <property name="localRepository" value="C:\Users\Laser\.m2\repository"/>
    <property name="java.vendor.url.bug" value="https://bugreport.java.com/bugreport/"/>
    <property name="java.io.tmpdir" value="C:\Users\Laser\AppData\Local\Temp\"/>
    <property name="java.version" value="17.0.5"/>
    <property name="user.dir" value="C:\Users\Laser\db\chiro-desktop-app\backend"/>
    <property name="os.arch" value="amd64"/>
    <property name="java.vm.specification.name" value="Java Virtual Machine Specification"/>
    <property name="sun.os.patch.level" value=""/>
    <property name="native.encoding" value="Cp1252"/>
    <property name="java.library.path" value="C:\Program Files\Java\jdk-17.0.5\bin;C:\WINDOWS\Sun\Java\bin;C:\WINDOWS\system32;C:\WINDOWS;C:\Python312\Scripts\;C:\Python312\;C:\Program Files (x86)\Razer\ChromaBroadcast\bin;C:\Program Files\Razer\ChromaBroadcast\bin;C:\Program Files\Common Files\Oracle\Java\javapath;C:\Program Files (x86)\Common Files\Oracle\Java\javapath;C:\Program Files (x86)\Razer Chroma SDK\bin;C:\Program Files\Razer Chroma SDK\bin;C:\Program Files (x86)\Intel\iCLS Client\;C:\Program Files\Intel\iCLS Client\;C:\Windows\system32;C:\Windows;C:\Windows\System32\Wbem;C:\Windows\System32\WindowsPowerShell\v1.0\;C:\Users\Laser\AppData\Local\Microsoft\WindowsApps;C:\WINDOWS\system32;C:\WINDOWS;C:\WINDOWS\System32\Wbem;C:\WINDOWS\System32\WindowsPowerShell\v1.0\;C:\WINDOWS\System32\OpenSSH\;C:\Program Files (x86)\ZeroTier\One\;C:\Program Files\TortoiseSVN\bin;C:\Program Files\dotnet\;C:\WINDOWS\system32;C:\WINDOWS;C:\WINDOWS\System32\Wbem;C:\WINDOWS\System32\WindowsPowerShell\v1.0\;C:\WINDOWS\System32\OpenSSH\;C:\Program Files\Mullvad VPN\resources;C:\Program Files (x86)\NVIDIA Corporation\PhysX\Common;C:\WINDOWS\system32\config\systemprofile\AppData\Local\Microsoft\WindowsApps;D:\ffmpeg\ffmpeg-2024-02-04-git-7375a6ca7b-essentials_build\bin;C:\Users\Laser\AppData\Local\Packages\PythonSoftwareFoundation.Python.3.9_qbz5n2kfra8p0\LocalCache\local-packages\python39\site-packages;C:\Program Files\Go\bin;C:\Program Files\nodejs\;C:\ProgramData\chocolatey\bin;C:\Program Files\NVIDIA Corporation\NVIDIA app\NvDLISR;C:\Program Files\Git\cmd;C:\Program Files (x86)\Nodist\bin;C:\Program Files\apache-maven-3.9.9\bin;D:\Microsoft VS Code\bin;C:\Program Files (x86)\FAHClient;C:\Users\Laser\New folder (2)\IntelliJ IDEA Community Edition 2020.2.1\bin;C:\Users\Laser\AppData\Local\GitHubDesktop\bin;C:\Users\Laser\go\bin;C:\Users\Laser\miniconda3;C:\Users\Laser\miniconda3\Library\mingw-w64\bin;C:\Users\Laser\miniconda3\Library\usr\bin;C:\Users\Laser\miniconda3\Library\bin;C:\Users\Laser\miniconda3\Scripts;C:\Users\Laser\AppData\Roaming\npm;C:\Users\Laser\AppData\Local\Programs\cursor\resources\app\bin;C:\Program Files\apache-maven-3.9.9\bin;."/>
    <property name="java.vm.info" value="mixed mode, sharing"/>
    <property name="java.vendor" value="Oracle Corporation"/>
    <property name="java.vm.version" value="17.0.5+9-LTS-191"/>
    <property name="sun.io.unicode.encoding" value="UnicodeLittle"/>
    <property name="java.class.version" value="61.0"/>
  </properties>
  <testcase name="testRelationships" classname="com.chiro.dao.DatabaseTest" time="0.082">
    <system-out><![CDATA[
=== Setting up test environment ===
Database initialized successfully
=== Test environment setup complete ===


--- Clearing database for new test ---
Database initialized successfully
Cleared table: Record
Cleared table: Appointment
Cleared table: Patient
Cleared table: Doctor
Cleared table: Insurance
--- Database cleared ---

]]></system-out>
    <system-err><![CDATA[SLF4J: Failed to load class "org.slf4j.impl.StaticLoggerBinder".
SLF4J: Defaulting to no-operation (NOP) logger implementation
SLF4J: See http://www.slf4j.org/codes.html#StaticLoggerBinder for further details.
]]></system-err>
  </testcase>
  <testcase name="testAppointmentOperations" classname="com.chiro.dao.DatabaseTest" time="0.057">
    <system-out><![CDATA[
--- Clearing database for new test ---
Database initialized successfully
Cleared table: Record
Cleared table: Appointment
Cleared table: Patient
Cleared table: Doctor
Cleared table: Insurance
--- Database cleared ---


=== Testing Appointment Operations ===
Creating required entities...
Created insurance with ID: INS-APT-001
Created patient with ID: f1ab8c7d-bc35-4d13-b667-876705192f30
Created doctor with ID: dcacf614-9307-4f61-a90e-b8ffb3ee27df
Creating new appointment...
Created appointment with ID: 5e501250-444a-421e-8ccf-e824336ae5eb
Reading appointment record...
Retrieved appointment status: Scheduled
Updating appointment record...
Updated appointment status: Completed
Deleting appointment record...
Appointment record deleted successfully
=== Appointment Operations Test Complete ===

]]></system-out>
  </testcase>
  <testcase name="testPatientOperations" classname="com.chiro.dao.DatabaseTest" time="0.046">
    <system-out><![CDATA[
--- Clearing database for new test ---
Database initialized successfully
Cleared table: Record
Cleared table: Appointment
Cleared table: Patient
Cleared table: Doctor
Cleared table: Insurance
--- Database cleared ---


=== Testing Patient Operations ===
Creating insurance for patient...
Created insurance with ID: INS-PAT-001
Creating new patient record...
Created patient with ID: 27bdb6ec-2cbe-45ec-befe-cc0ba1be9731
Reading patient record...
Retrieved patient name: John Doe
Updating patient record...
Updated patient name: John Smith
Deleting patient record...
Patient record deleted successfully
=== Patient Operations Test Complete ===

]]></system-out>
  </testcase>
  <testcase name="testInsuranceOperations" classname="com.chiro.dao.DatabaseTest" time="0.041">
    <system-out><![CDATA[
--- Clearing database for new test ---
Database initialized successfully
Cleared table: Record
Cleared table: Appointment
Cleared table: Patient
Cleared table: Doctor
Cleared table: Insurance
--- Database cleared ---


=== Testing Insurance Operations ===
Creating new insurance record...
Created insurance with ID: INS123
Reading insurance record...
Retrieved insurance provider: Test Insurance Co
Updating insurance record...
Updated insurance provider: Updated Insurance Co
Deleting insurance record...
Insurance record deleted successfully
=== Insurance Operations Test Complete ===

]]></system-out>
  </testcase>
  <testcase name="testInsuranceIdRequired" classname="com.chiro.dao.DatabaseTest" time="0.02">
    <system-out><![CDATA[
--- Clearing database for new test ---
Database initialized successfully
Cleared table: Record
Cleared table: Appointment
Cleared table: Patient
Cleared table: Doctor
Cleared table: Insurance
--- Database cleared ---


=== Testing Insurance ID Requirement ===
Attempting to save insurance without ID...
Expected exception thrown: Insurance ID is required
=== Insurance ID Requirement Test Complete ===

]]></system-out>
  </testcase>
  <testcase name="testDoctorOperations" classname="com.chiro.dao.DatabaseTest" time="0.04">
    <system-out><![CDATA[
--- Clearing database for new test ---
Database initialized successfully
Cleared table: Record
Cleared table: Appointment
Cleared table: Patient
Cleared table: Doctor
Cleared table: Insurance
--- Database cleared ---


=== Testing Doctor Operations ===
Creating new doctor record...
Created doctor with ID: 0e163a4f-eeec-4695-bda3-91447a1ba6c8
Reading doctor record...
Retrieved doctor: Dr. Smith - Chiropractic
Updating doctor record...
Updated doctor specialization: Sports Medicine
Deleting doctor record...
Doctor record deleted successfully
=== Doctor Operations Test Complete ===

]]></system-out>
  </testcase>
  <testcase name="testRecordOperations" classname="com.chiro.dao.DatabaseTest" time="0.056">
    <system-out><![CDATA[
--- Clearing database for new test ---
Database initialized successfully
Cleared table: Record
Cleared table: Appointment
Cleared table: Patient
Cleared table: Doctor
Cleared table: Insurance
--- Database cleared ---

]]></system-out>
  </testcase>
</testsuite>